<?xml version="1.0" encoding="UTF-8"?>
<!-- Generated by org.testng.reporters.JUnitXMLReporter -->
<testsuite hostname="DESKTOP-0KVFF50" ignored="0" name="UrbanTest2" tests="25" failures="3" timestamp="2020-07-27T23:12:53 IST" time="209.134" errors="0">
  <testcase name="titleVerify" time="0.0" classname="com.Urbanladder.test.UrbanladderTest">
    <skipped/>
  </testcase> <!-- titleVerify -->
  <testcase name="clickBookshelves" time="0.0" classname="com.Urbanladder.test.UrbanladderTest">
    <skipped/>
  </testcase> <!-- clickBookshelves -->
  <testcase name="titleVerify" time="8.404" classname="com.Urbanladder.test.UrbanladderTest">
    <failure type="org.openqa.selenium.WebDriverException" message="chrome not reachable
  (Session info: chrome=84.0.4147.89)
Build info: version: &amp;apos;3.141.59&amp;apos;, revision: &amp;apos;e82be7d358&amp;apos;, time: &amp;apos;2018-11-14T08:17:03&amp;apos;
System info: host: &amp;apos;DESKTOP-0KVFF50&amp;apos;, ip: &amp;apos;192.168.65.1&amp;apos;, os.name: &amp;apos;Windows 10&amp;apos;, os.arch: &amp;apos;amd64&amp;apos;, os.version: &amp;apos;10.0&amp;apos;, java.version: &amp;apos;1.8.0_191&amp;apos;
Driver info: org.openqa.selenium.chrome.ChromeDriver
Capabilities {acceptInsecureCerts: false, browserName: chrome, browserVersion: 84.0.4147.89, chrome: {chromedriverVersion: 84.0.4147.30 (48b3e868b4cc0..., userDataDir: C:\Users\DONA\AppData\Local...}, goog:chromeOptions: {debuggerAddress: localhost:56396}, javascriptEnabled: true, networkConnectionEnabled: false, pageLoadStrategy: normal, platform: WINDOWS, platformName: WINDOWS, proxy: Proxy(), setWindowRect: true, strictFileInteractability: false, timeouts: {implicit: 0, pageLoad: 300000, script: 30000}, unhandledPromptBehavior: dismiss and notify, webauthn:virtualAuthenticators: true}
Session ID: 38bca2b38f1cdaae0441e8bf9991de99">
      <![CDATA[org.openqa.selenium.WebDriverException: chrome not reachable
  (Session info: chrome=84.0.4147.89)
Build info: version: '3.141.59', revision: 'e82be7d358', time: '2018-11-14T08:17:03'
System info: host: 'DESKTOP-0KVFF50', ip: '192.168.65.1', os.name: 'Windows 10', os.arch: 'amd64', os.version: '10.0', java.version: '1.8.0_191'
Driver info: org.openqa.selenium.chrome.ChromeDriver
Capabilities {acceptInsecureCerts: false, browserName: chrome, browserVersion: 84.0.4147.89, chrome: {chromedriverVersion: 84.0.4147.30 (48b3e868b4cc0..., userDataDir: C:\Users\DONA\AppData\Local...}, goog:chromeOptions: {debuggerAddress: localhost:56396}, javascriptEnabled: true, networkConnectionEnabled: false, pageLoadStrategy: normal, platform: WINDOWS, platformName: WINDOWS, proxy: Proxy(), setWindowRect: true, strictFileInteractability: false, timeouts: {implicit: 0, pageLoad: 300000, script: 30000}, unhandledPromptBehavior: dismiss and notify, webauthn:virtualAuthenticators: true}
Session ID: 38bca2b38f1cdaae0441e8bf9991de99
at org.openqa.selenium.remote.http.W3CHttpResponseCodec.createException(W3CHttpResponseCodec.java:187)
at org.openqa.selenium.remote.http.W3CHttpResponseCodec.decode(W3CHttpResponseCodec.java:122)
at org.openqa.selenium.remote.http.W3CHttpResponseCodec.decode(W3CHttpResponseCodec.java:49)
at org.openqa.selenium.remote.HttpCommandExecutor.execute(HttpCommandExecutor.java:158)
at org.openqa.selenium.remote.service.DriverCommandExecutor.execute(DriverCommandExecutor.java:83)
at org.openqa.selenium.remote.RemoteWebDriver.execute(RemoteWebDriver.java:552)
at org.openqa.selenium.remote.RemoteWebDriver.execute(RemoteWebDriver.java:609)
at org.openqa.selenium.remote.RemoteWebDriver.getTitle(RemoteWebDriver.java:281)
at com.Urbanladder.test.UrbanladderTest.titleVerify(UrbanladderTest.java:55)
at java.util.ArrayList.forEach(ArrayList.java:1257)
at java.util.concurrent.FutureTask.run(FutureTask.java:266)
at java.util.concurrent.ThreadPoolExecutor.runWorker(ThreadPoolExecutor.java:1149)
at java.util.concurrent.ThreadPoolExecutor$Worker.run(ThreadPoolExecutor.java:624)
at java.lang.Thread.run(Thread.java:748)
... Removed 22 stack frames]]>
    </failure>
  </testcase> <!-- titleVerify -->
  <testcase name="priceChoice" time="0.0" classname="com.Urbanladder.test.UrbanladderTest">
    <skipped/>
  </testcase> <!-- priceChoice -->
  <testcase name="setRange" time="0.0" classname="com.Urbanladder.test.UrbanladderTest">
    <skipped/>
  </testcase> <!-- setRange -->
  <testcase name="storageChoice" time="0.0" classname="com.Urbanladder.test.UrbanladderTest">
    <skipped/>
  </testcase> <!-- storageChoice -->
  <testcase name="checkStorageType" time="0.0" classname="com.Urbanladder.test.UrbanladderTest">
    <skipped/>
  </testcase> <!-- checkStorageType -->
  <testcase name="titleVerify" time="0.0" classname="com.Urbanladder.test.UrbanladderTest">
    <skipped/>
  </testcase> <!-- titleVerify -->
  <testcase name="clickBookshelves" time="0.0" classname="com.Urbanladder.test.UrbanladderTest">
    <skipped/>
  </testcase> <!-- clickBookshelves -->
  <testcase name="priceChoice" time="0.001" classname="com.Urbanladder.test.UrbanladderTest">
    <skipped/>
  </testcase> <!-- priceChoice -->
  <testcase name="includeStock" time="0.0" classname="com.Urbanladder.test.UrbanladderTest">
    <skipped/>
  </testcase> <!-- includeStock -->
  <testcase name="setRange" time="0.0" classname="com.Urbanladder.test.UrbanladderTest">
    <skipped/>
  </testcase> <!-- setRange -->
  <testcase name="filterChoice" time="0.0" classname="com.Urbanladder.test.UrbanladderTest">
    <skipped/>
  </testcase> <!-- filterChoice -->
  <testcase name="storageChoice" time="0.0" classname="com.Urbanladder.test.UrbanladderTest">
    <skipped/>
  </testcase> <!-- storageChoice -->
  <testcase name="sortBy" time="0.0" classname="com.Urbanladder.test.UrbanladderTest">
    <skipped/>
  </testcase> <!-- sortBy -->
  <testcase name="PopUp" time="0.0" classname="com.Urbanladder.test.UrbanladderTest">
    <skipped/>
  </testcase> <!-- PopUp -->
  <testcase name="writeExcel" time="0.0" classname="com.Urbanladder.test.UrbanladderTest">
    <skipped/>
  </testcase> <!-- writeExcel -->
  <testcase name="checkStorageType" time="0.0" classname="com.Urbanladder.test.UrbanladderTest">
    <skipped/>
  </testcase> <!-- checkStorageType -->
  <testcase name="includeStock" time="0.0" classname="com.Urbanladder.test.UrbanladderTest">
    <skipped/>
  </testcase> <!-- includeStock -->
  <testcase name="filterChoice" time="0.0" classname="com.Urbanladder.test.UrbanladderTest">
    <skipped/>
  </testcase> <!-- filterChoice -->
  <testcase name="sortBy" time="0.0" classname="com.Urbanladder.test.UrbanladderTest">
    <skipped/>
  </testcase> <!-- sortBy -->
  <testcase name="PopUp" time="0.0" classname="com.Urbanladder.test.UrbanladderTest">
    <skipped/>
  </testcase> <!-- PopUp -->
  <testcase name="writeExcel" time="0.0" classname="com.Urbanladder.test.UrbanladderTest">
    <skipped/>
  </testcase> <!-- writeExcel -->
  <testcase name="clickBookshelves" time="4.539" classname="com.Urbanladder.test.UrbanladderTest">
    <failure type="org.openqa.selenium.NoSuchSessionException" message="invalid session id
Build info: version: &amp;apos;3.141.59&amp;apos;, revision: &amp;apos;e82be7d358&amp;apos;, time: &amp;apos;2018-11-14T08:17:03&amp;apos;
System info: host: &amp;apos;DESKTOP-0KVFF50&amp;apos;, ip: &amp;apos;192.168.65.1&amp;apos;, os.name: &amp;apos;Windows 10&amp;apos;, os.arch: &amp;apos;amd64&amp;apos;, os.version: &amp;apos;10.0&amp;apos;, java.version: &amp;apos;1.8.0_191&amp;apos;
Driver info: org.openqa.selenium.chrome.ChromeDriver
Capabilities {acceptInsecureCerts: false, browserName: chrome, browserVersion: 84.0.4147.89, chrome: {chromedriverVersion: 84.0.4147.30 (48b3e868b4cc0..., userDataDir: C:\Users\DONA\AppData\Local...}, goog:chromeOptions: {debuggerAddress: localhost:56396}, javascriptEnabled: true, networkConnectionEnabled: false, pageLoadStrategy: normal, platform: WINDOWS, platformName: WINDOWS, proxy: Proxy(), setWindowRect: true, strictFileInteractability: false, timeouts: {implicit: 0, pageLoad: 300000, script: 30000}, unhandledPromptBehavior: dismiss and notify, webauthn:virtualAuthenticators: true}
Session ID: 38bca2b38f1cdaae0441e8bf9991de99
*** Element info: {Using=xpath, value=//a[@class=&amp;apos;category&amp;apos; and @href=&amp;apos;/bookshelf?src=explore_categories&amp;apos;]}">
      <![CDATA[org.openqa.selenium.NoSuchSessionException: invalid session id
Build info: version: '3.141.59', revision: 'e82be7d358', time: '2018-11-14T08:17:03'
System info: host: 'DESKTOP-0KVFF50', ip: '192.168.65.1', os.name: 'Windows 10', os.arch: 'amd64', os.version: '10.0', java.version: '1.8.0_191'
Driver info: org.openqa.selenium.chrome.ChromeDriver
Capabilities {acceptInsecureCerts: false, browserName: chrome, browserVersion: 84.0.4147.89, chrome: {chromedriverVersion: 84.0.4147.30 (48b3e868b4cc0..., userDataDir: C:\Users\DONA\AppData\Local...}, goog:chromeOptions: {debuggerAddress: localhost:56396}, javascriptEnabled: true, networkConnectionEnabled: false, pageLoadStrategy: normal, platform: WINDOWS, platformName: WINDOWS, proxy: Proxy(), setWindowRect: true, strictFileInteractability: false, timeouts: {implicit: 0, pageLoad: 300000, script: 30000}, unhandledPromptBehavior: dismiss and notify, webauthn:virtualAuthenticators: true}
Session ID: 38bca2b38f1cdaae0441e8bf9991de99
*** Element info: {Using=xpath, value=//a[@class='category' and @href='/bookshelf?src=explore_categories']}
at org.openqa.selenium.remote.http.W3CHttpResponseCodec.createException(W3CHttpResponseCodec.java:187)
at org.openqa.selenium.remote.http.W3CHttpResponseCodec.decode(W3CHttpResponseCodec.java:122)
at org.openqa.selenium.remote.http.W3CHttpResponseCodec.decode(W3CHttpResponseCodec.java:49)
at org.openqa.selenium.remote.HttpCommandExecutor.execute(HttpCommandExecutor.java:158)
at org.openqa.selenium.remote.service.DriverCommandExecutor.execute(DriverCommandExecutor.java:83)
at org.openqa.selenium.remote.RemoteWebDriver.execute(RemoteWebDriver.java:552)
at org.openqa.selenium.remote.RemoteWebDriver.findElement(RemoteWebDriver.java:323)
at org.openqa.selenium.remote.RemoteWebDriver.findElementByXPath(RemoteWebDriver.java:428)
at org.openqa.selenium.By$ByXPath.findElement(By.java:353)
at org.openqa.selenium.remote.RemoteWebDriver.findElement(RemoteWebDriver.java:315)
at org.openqa.selenium.support.pagefactory.DefaultElementLocator.findElement(DefaultElementLocator.java:69)
at org.openqa.selenium.support.pagefactory.internal.LocatingElementHandler.invoke(LocatingElementHandler.java:38)
at com.sun.proxy.$Proxy9.isDisplayed(Unknown Source)
at com.Urbanladder.test.UrbanladderTest.clickBookshelves(UrbanladderTest.java:76)
at java.util.ArrayList.forEach(ArrayList.java:1257)
at java.util.concurrent.FutureTask.run(FutureTask.java:266)
at java.util.concurrent.ThreadPoolExecutor.runWorker(ThreadPoolExecutor.java:1149)
at java.util.concurrent.ThreadPoolExecutor$Worker.run(ThreadPoolExecutor.java:624)
at java.lang.Thread.run(Thread.java:748)
... Removed 22 stack frames]]>
    </failure>
  </testcase> <!-- clickBookshelves -->
  <testcase name="priceChoice" time="2.089" classname="com.Urbanladder.test.UrbanladderTest">
    <failure type="org.openqa.selenium.NoSuchSessionException" message="Session ID is null. Using WebDriver after calling quit()?
Build info: version: &amp;apos;3.141.59&amp;apos;, revision: &amp;apos;e82be7d358&amp;apos;, time: &amp;apos;2018-11-14T08:17:03&amp;apos;
System info: host: &amp;apos;DESKTOP-0KVFF50&amp;apos;, ip: &amp;apos;192.168.65.1&amp;apos;, os.name: &amp;apos;Windows 10&amp;apos;, os.arch: &amp;apos;amd64&amp;apos;, os.version: &amp;apos;10.0&amp;apos;, java.version: &amp;apos;1.8.0_191&amp;apos;
Driver info: driver.version: RemoteWebDriver">
      <![CDATA[org.openqa.selenium.NoSuchSessionException: Session ID is null. Using WebDriver after calling quit()?
Build info: version: '3.141.59', revision: 'e82be7d358', time: '2018-11-14T08:17:03'
System info: host: 'DESKTOP-0KVFF50', ip: '192.168.65.1', os.name: 'Windows 10', os.arch: 'amd64', os.version: '10.0', java.version: '1.8.0_191'
Driver info: driver.version: RemoteWebDriver
at org.openqa.selenium.remote.HttpCommandExecutor.execute(HttpCommandExecutor.java:125)
at org.openqa.selenium.remote.service.DriverCommandExecutor.execute(DriverCommandExecutor.java:83)
at org.openqa.selenium.remote.RemoteWebDriver.execute(RemoteWebDriver.java:552)
at org.openqa.selenium.remote.RemoteWebDriver.findElement(RemoteWebDriver.java:323)
at org.openqa.selenium.remote.RemoteWebDriver.findElementByXPath(RemoteWebDriver.java:428)
at org.openqa.selenium.By$ByXPath.findElement(By.java:353)
at org.openqa.selenium.remote.RemoteWebDriver.findElement(RemoteWebDriver.java:315)
at org.openqa.selenium.support.pagefactory.DefaultElementLocator.findElement(DefaultElementLocator.java:69)
at org.openqa.selenium.support.pagefactory.internal.LocatingElementHandler.invoke(LocatingElementHandler.java:38)
at com.sun.proxy.$Proxy9.isDisplayed(Unknown Source)
at org.openqa.selenium.support.ui.ExpectedConditions.elementIfVisible(ExpectedConditions.java:314)
at org.openqa.selenium.support.ui.ExpectedConditions.access$000(ExpectedConditions.java:43)
at org.openqa.selenium.support.ui.ExpectedConditions$10.apply(ExpectedConditions.java:300)
at org.openqa.selenium.support.ui.ExpectedConditions$10.apply(ExpectedConditions.java:297)
at org.openqa.selenium.support.ui.FluentWait.until(FluentWait.java:249)
at com.Urbanladder.test.UrbanladderTest.priceChoice(UrbanladderTest.java:96)
at java.util.ArrayList.forEach(ArrayList.java:1257)
at java.util.concurrent.FutureTask.run(FutureTask.java:266)
at java.util.concurrent.ThreadPoolExecutor.runWorker(ThreadPoolExecutor.java:1149)
at java.util.concurrent.ThreadPoolExecutor$Worker.run(ThreadPoolExecutor.java:624)
at java.lang.Thread.run(Thread.java:748)
... Removed 18 stack frames]]>
    </failure>
  </testcase> <!-- priceChoice -->
</testsuite> <!-- UrbanTest2 -->
