<?xml version="1.0" encoding="UTF-8"?>
<!-- Generated by org.testng.reporters.JUnitXMLReporter -->
<testsuite ignored="0" hostname="DESKTOP-9048JB1" failures="0" tests="15" name="UrbanTest2" time="2.09" errors="0" timestamp="2020-08-02T21:42:11 IST">
  <testcase classname="com.Urbanladder.base.CommonMethods" name="@BeforeClass createDriver" time="2.012">
    <failure type="org.openqa.selenium.remote.UnreachableBrowserException" message="Could not start a new session. Possible causes are invalid address of the remote server or browser start-up failure.
Build info: version: &amp;apos;3.141.59&amp;apos;, revision: &amp;apos;e82be7d358&amp;apos;, time: &amp;apos;2018-11-14T08:17:03&amp;apos;
System info: host: &amp;apos;DESKTOP-9048JB1&amp;apos;, ip: &amp;apos;192.168.0.109&amp;apos;, os.name: &amp;apos;Windows 10&amp;apos;, os.arch: &amp;apos;amd64&amp;apos;, os.version: &amp;apos;10.0&amp;apos;, java.version: &amp;apos;13.0.2&amp;apos;
Driver info: driver.version: RemoteWebDriver">
      <![CDATA[org.openqa.selenium.remote.UnreachableBrowserException: Could not start a new session. Possible causes are invalid address of the remote server or browser start-up failure.
Build info: version: '3.141.59', revision: 'e82be7d358', time: '2018-11-14T08:17:03'
System info: host: 'DESKTOP-9048JB1', ip: '192.168.0.109', os.name: 'Windows 10', os.arch: 'amd64', os.version: '10.0', java.version: '13.0.2'
Driver info: driver.version: RemoteWebDriver
at org.openqa.selenium.remote.RemoteWebDriver.execute(RemoteWebDriver.java:573)
at org.openqa.selenium.remote.RemoteWebDriver.startSession(RemoteWebDriver.java:213)
at org.openqa.selenium.remote.RemoteWebDriver.<init>(RemoteWebDriver.java:131)
at org.openqa.selenium.remote.RemoteWebDriver.<init>(RemoteWebDriver.java:144)
at com.Urbanladder.base.BrowserFactory.getBrowserGrid(BrowserFactory.java:128)
at com.Urbanladder.base.CommonMethods.createDriver(CommonMethods.java:51)
at java.base/java.util.ArrayList.forEach(ArrayList.java:1507)
Caused by: java.net.ConnectException: Failed to connect to /192.168.0.109:4444
at okhttp3.internal.connection.RealConnection.connectSocket(RealConnection.java:247)
at okhttp3.internal.connection.RealConnection.connect(RealConnection.java:165)
at okhttp3.internal.connection.StreamAllocation.findConnection(StreamAllocation.java:257)
at okhttp3.internal.connection.StreamAllocation.findHealthyConnection(StreamAllocation.java:135)
at okhttp3.internal.connection.StreamAllocation.newStream(StreamAllocation.java:114)
at okhttp3.internal.connection.ConnectInterceptor.intercept(ConnectInterceptor.java:42)
at okhttp3.internal.http.RealInterceptorChain.proceed(RealInterceptorChain.java:147)
at okhttp3.internal.http.RealInterceptorChain.proceed(RealInterceptorChain.java:121)
at okhttp3.internal.cache.CacheInterceptor.intercept(CacheInterceptor.java:93)
at okhttp3.internal.http.RealInterceptorChain.proceed(RealInterceptorChain.java:147)
at okhttp3.internal.http.RealInterceptorChain.proceed(RealInterceptorChain.java:121)
at okhttp3.internal.http.BridgeInterceptor.intercept(BridgeInterceptor.java:93)
at okhttp3.internal.http.RealInterceptorChain.proceed(RealInterceptorChain.java:147)
at okhttp3.internal.http.RetryAndFollowUpInterceptor.intercept(RetryAndFollowUpInterceptor.java:126)
at okhttp3.internal.http.RealInterceptorChain.proceed(RealInterceptorChain.java:147)
at okhttp3.internal.http.RealInterceptorChain.proceed(RealInterceptorChain.java:121)
at okhttp3.RealCall.getResponseWithInterceptorChain(RealCall.java:200)
at okhttp3.RealCall.execute(RealCall.java:77)
at org.openqa.selenium.remote.internal.OkHttpClient.execute(OkHttpClient.java:103)
at org.openqa.selenium.remote.ProtocolHandshake.createSession(ProtocolHandshake.java:105)
at org.openqa.selenium.remote.ProtocolHandshake.createSession(ProtocolHandshake.java:74)
at org.openqa.selenium.remote.HttpCommandExecutor.execute(HttpCommandExecutor.java:136)
at org.openqa.selenium.remote.RemoteWebDriver.execute(RemoteWebDriver.java:552)
... 31 more
Caused by: java.net.ConnectException: Connection refused: no further information
at java.base/sun.nio.ch.Net.pollConnect(Native Method)
at java.base/sun.nio.ch.Net.pollConnectNow(Net.java:579)
at java.base/sun.nio.ch.NioSocketImpl.timedFinishConnect(NioSocketImpl.java:549)
at java.base/sun.nio.ch.NioSocketImpl.connect(NioSocketImpl.java:597)
at java.base/java.net.SocksSocketImpl.connect(SocksSocketImpl.java:339)
at java.base/java.net.Socket.connect(Socket.java:603)
at okhttp3.internal.platform.Platform.connectSocket(Platform.java:129)
at okhttp3.internal.connection.RealConnection.connectSocket(RealConnection.java:245)
... 53 more
... Removed 25 stack frames]]>
    </failure>
  </testcase> <!-- @BeforeClass createDriver -->
  <testcase classname="com.Urbanladder.base.CommonMethods" name="@AfterClass tearDown" time="0.001">
    <failure type="java.lang.NullPointerException">
      <![CDATA[java.lang.NullPointerException
at com.Urbanladder.base.CommonMethods.tearDown(CommonMethods.java:67)
at java.base/java.util.ArrayList.forEach(ArrayList.java:1507)
... Removed 25 stack frames]]>
    </failure>
  </testcase> <!-- @AfterClass tearDown -->
  <testcase classname="com.Urbanladder.test.UrbanladderTest" name="titleVerify" time="0.0">
    <skipped/>
  </testcase> <!-- titleVerify -->
  <testcase classname="com.Urbanladder.test.UrbanladderTest" name="clickBookshelves" time="0.0">
    <skipped/>
  </testcase> <!-- clickBookshelves -->
  <testcase classname="com.Urbanladder.test.UrbanladderTest" name="priceChoice" time="0.0">
    <skipped/>
  </testcase> <!-- priceChoice -->
  <testcase classname="com.Urbanladder.test.UrbanladderTest" name="setRange" time="0.0">
    <skipped/>
  </testcase> <!-- setRange -->
  <testcase classname="com.Urbanladder.test.UrbanladderTest" name="storageChoice" time="0.0">
    <skipped/>
  </testcase> <!-- storageChoice -->
  <testcase classname="com.Urbanladder.test.UrbanladderTest" name="checkStorageType" time="0.0">
    <skipped/>
  </testcase> <!-- checkStorageType -->
  <testcase classname="com.Urbanladder.test.UrbanladderTest" name="includeStock" time="0.0">
    <skipped/>
  </testcase> <!-- includeStock -->
  <testcase classname="com.Urbanladder.test.UrbanladderTest" name="filterChoice" time="0.0">
    <skipped/>
  </testcase> <!-- filterChoice -->
  <testcase classname="com.Urbanladder.test.UrbanladderTest" name="sortBy" time="0.0">
    <skipped/>
  </testcase> <!-- sortBy -->
  <testcase classname="com.Urbanladder.test.UrbanladderTest" name="PopUp" time="0.0">
    <skipped/>
  </testcase> <!-- PopUp -->
  <testcase classname="com.Urbanladder.test.UrbanladderTest" name="writeExcel1" time="0.0">
    <skipped/>
  </testcase> <!-- writeExcel1 -->
  <testcase classname="com.Urbanladder.test.UrbanladderTest" name="studyChair" time="0.0">
    <skipped/>
  </testcase> <!-- studyChair -->
  <testcase classname="com.Urbanladder.test.UrbanladderTest" name="filterChoice1" time="0.0">
    <skipped/>
  </testcase> <!-- filterChoice1 -->
  <testcase classname="com.Urbanladder.test.UrbanladderTest" name="sortBy1" time="0.0">
    <skipped/>
  </testcase> <!-- sortBy1 -->
  <testcase classname="com.Urbanladder.test.UrbanladderTest" name="writeExcel2" time="0.0">
    <skipped/>
  </testcase> <!-- writeExcel2 -->
</testsuite> <!-- UrbanTest2 -->
