<?xml version="1.0" encoding="UTF-8"?>
<!-- Generated by org.testng.reporters.JUnitXMLReporter -->
<testsuite ignored="0" hostname="DESKTOP-9048JB1" failures="0" tests="22" name="EdgeTest" time="17.164" errors="0" timestamp="2020-08-02T19:26:00 IST">
  <testcase classname="com.Urbanladder.base.CommonMethods" name="@BeforeClass createDriver" time="7.391">
    <failure type="org.openqa.selenium.SessionNotCreatedException" message="session not created
from chrome not reachable
  (Session info: MicrosoftEdge=84.0.522.52)
Build info: version: &amp;apos;3.141.59&amp;apos;, revision: &amp;apos;e82be7d358&amp;apos;, time: &amp;apos;2018-11-14T08:17:03&amp;apos;
System info: host: &amp;apos;DESKTOP-9048JB1&amp;apos;, ip: &amp;apos;192.168.0.109&amp;apos;, os.name: &amp;apos;Windows 10&amp;apos;, os.arch: &amp;apos;amd64&amp;apos;, os.version: &amp;apos;10.0&amp;apos;, java.version: &amp;apos;13.0.2&amp;apos;
Driver info: driver.version: EdgeDriver
remote stacktrace: Backtrace:
	Ordinal0 [0x00007FF68CA8CFD2+4050898]
	Ordinal0 [0x00007FF68C9622E9+2826985]
	Ordinal0 [0x00007FF68C7DA227+1221159]
	Ordinal0 [0x00007FF68C7D0AEF+1182447]
	Ordinal0 [0x00007FF68C7D1675+1185397]
	Ordinal0 [0x00007FF68C7D2929+1190185]
	Ordinal0 [0x00007FF68C7CD097+1167511]
	Ordinal0 [0x00007FF68C75FB8F+719759]
	Ordinal0 [0x00007FF68C75BC5F+703583]
	Ordinal0 [0x00007FF68C737F20+556832]
	Ordinal0 [0x00007FF68C738CBE+560318]
	Ordinal0 [0x00007FF68C980155+2949461]
	GetHandleVerifier [0x00007FF68CBD0A2B+1182571]
	GetHandleVerifier [0x00007FF68CBE55F1+1267505]
	GetHandleVerifier [0x00007FF68CBD1708+1185864]
	Ordinal0 [0x00007FF68C97397A+2898298]
	Ordinal0 [0x00007FF68C981F69+2957161]
	Ordinal0 [0x00007FF68C9A1348+3085128]
	BaseThreadInitThunk [0x00007FFE162A7BD4+20]
	RtlUserThreadStart [0x00007FFE17F2CE51+33]
">
      <![CDATA[org.openqa.selenium.SessionNotCreatedException: session not created
from chrome not reachable
  (Session info: MicrosoftEdge=84.0.522.52)
Build info: version: '3.141.59', revision: 'e82be7d358', time: '2018-11-14T08:17:03'
System info: host: 'DESKTOP-9048JB1', ip: '192.168.0.109', os.name: 'Windows 10', os.arch: 'amd64', os.version: '10.0', java.version: '13.0.2'
Driver info: driver.version: EdgeDriver
remote stacktrace: Backtrace:
Ordinal0 [0x00007FF68CA8CFD2+4050898]
Ordinal0 [0x00007FF68C9622E9+2826985]
Ordinal0 [0x00007FF68C7DA227+1221159]
Ordinal0 [0x00007FF68C7D0AEF+1182447]
Ordinal0 [0x00007FF68C7D1675+1185397]
Ordinal0 [0x00007FF68C7D2929+1190185]
Ordinal0 [0x00007FF68C7CD097+1167511]
Ordinal0 [0x00007FF68C75FB8F+719759]
Ordinal0 [0x00007FF68C75BC5F+703583]
Ordinal0 [0x00007FF68C737F20+556832]
Ordinal0 [0x00007FF68C738CBE+560318]
Ordinal0 [0x00007FF68C980155+2949461]
GetHandleVerifier [0x00007FF68CBD0A2B+1182571]
GetHandleVerifier [0x00007FF68CBE55F1+1267505]
GetHandleVerifier [0x00007FF68CBD1708+1185864]
Ordinal0 [0x00007FF68C97397A+2898298]
Ordinal0 [0x00007FF68C981F69+2957161]
Ordinal0 [0x00007FF68C9A1348+3085128]
BaseThreadInitThunk [0x00007FFE162A7BD4+20]
RtlUserThreadStart [0x00007FFE17F2CE51+33]

at org.openqa.selenium.remote.W3CHandshakeResponse.lambda$errorHandler$0(W3CHandshakeResponse.java:62)
at org.openqa.selenium.remote.HandshakeResponse.lambda$getResponseFunction$0(HandshakeResponse.java:30)
at org.openqa.selenium.remote.ProtocolHandshake.lambda$createSession$0(ProtocolHandshake.java:126)
at java.base/java.util.stream.ReferencePipeline$3$1.accept(ReferencePipeline.java:195)
at java.base/java.util.Spliterators$ArraySpliterator.tryAdvance(Spliterators.java:958)
at java.base/java.util.stream.ReferencePipeline.forEachWithCancel(ReferencePipeline.java:127)
at java.base/java.util.stream.AbstractPipeline.copyIntoWithCancel(AbstractPipeline.java:502)
at java.base/java.util.stream.AbstractPipeline.copyInto(AbstractPipeline.java:488)
at java.base/java.util.stream.AbstractPipeline.wrapAndCopyInto(AbstractPipeline.java:474)
at java.base/java.util.stream.FindOps$FindOp.evaluateSequential(FindOps.java:150)
at java.base/java.util.stream.AbstractPipeline.evaluate(AbstractPipeline.java:234)
at java.base/java.util.stream.ReferencePipeline.findFirst(ReferencePipeline.java:543)
at org.openqa.selenium.remote.ProtocolHandshake.createSession(ProtocolHandshake.java:128)
at org.openqa.selenium.remote.ProtocolHandshake.createSession(ProtocolHandshake.java:74)
at org.openqa.selenium.remote.HttpCommandExecutor.execute(HttpCommandExecutor.java:136)
at org.openqa.selenium.remote.service.DriverCommandExecutor.execute(DriverCommandExecutor.java:83)
at org.openqa.selenium.remote.RemoteWebDriver.execute(RemoteWebDriver.java:552)
at org.openqa.selenium.remote.RemoteWebDriver.startSession(RemoteWebDriver.java:213)
at org.openqa.selenium.remote.RemoteWebDriver.<init>(RemoteWebDriver.java:131)
at org.openqa.selenium.edge.EdgeDriver.<init>(EdgeDriver.java:141)
at org.openqa.selenium.edge.EdgeDriver.<init>(EdgeDriver.java:96)
at com.Urbanladder.base.BrowserFactory.getWebdriver(BrowserFactory.java:52)
at com.Urbanladder.base.CommonMethods.createDriver(CommonMethods.java:57)
at java.base/java.util.ArrayList.forEach(ArrayList.java:1507)
... Removed 30 stack frames]]>
    </failure>
  </testcase> <!-- @BeforeClass createDriver -->
  <testcase classname="com.Urbanladder.base.CommonMethods" name="@BeforeClass createDriver" time="8.605">
    <failure type="org.openqa.selenium.WebDriverException" message="unknown error: cannot determine loading status
from disconnected: received Inspector.detached event
  (Session info: MicrosoftEdge=84.0.522.52)
Build info: version: &amp;apos;3.141.59&amp;apos;, revision: &amp;apos;e82be7d358&amp;apos;, time: &amp;apos;2018-11-14T08:17:03&amp;apos;
System info: host: &amp;apos;DESKTOP-9048JB1&amp;apos;, ip: &amp;apos;192.168.0.109&amp;apos;, os.name: &amp;apos;Windows 10&amp;apos;, os.arch: &amp;apos;amd64&amp;apos;, os.version: &amp;apos;10.0&amp;apos;, java.version: &amp;apos;13.0.2&amp;apos;
Driver info: org.openqa.selenium.edge.EdgeDriver
Capabilities {acceptInsecureCerts: false, browserName: msedge, browserVersion: 84.0.522.52, javascriptEnabled: true, ms:edgeOptions: {debuggerAddress: localhost:50040}, msedge: {msedgedriverVersion: 84.0.522.40 (4ede1b0ab15e7e..., userDataDir: C:\Users\Sayan\AppData\Loca...}, networkConnectionEnabled: false, pageLoadStrategy: normal, platform: WINDOWS, platformName: WINDOWS, proxy: Proxy(), setWindowRect: true, strictFileInteractability: false, timeouts: {implicit: 0, pageLoad: 300000, script: 30000}, unhandledPromptBehavior: dismiss and notify, webauthn:virtualAuthenticators: true}
Session ID: 16088774581ff91a40d1804b6790b4ca">
      <![CDATA[org.openqa.selenium.WebDriverException: unknown error: cannot determine loading status
from disconnected: received Inspector.detached event
  (Session info: MicrosoftEdge=84.0.522.52)
Build info: version: '3.141.59', revision: 'e82be7d358', time: '2018-11-14T08:17:03'
System info: host: 'DESKTOP-9048JB1', ip: '192.168.0.109', os.name: 'Windows 10', os.arch: 'amd64', os.version: '10.0', java.version: '13.0.2'
Driver info: org.openqa.selenium.edge.EdgeDriver
Capabilities {acceptInsecureCerts: false, browserName: msedge, browserVersion: 84.0.522.52, javascriptEnabled: true, ms:edgeOptions: {debuggerAddress: localhost:50040}, msedge: {msedgedriverVersion: 84.0.522.40 (4ede1b0ab15e7e..., userDataDir: C:\Users\Sayan\AppData\Loca...}, networkConnectionEnabled: false, pageLoadStrategy: normal, platform: WINDOWS, platformName: WINDOWS, proxy: Proxy(), setWindowRect: true, strictFileInteractability: false, timeouts: {implicit: 0, pageLoad: 300000, script: 30000}, unhandledPromptBehavior: dismiss and notify, webauthn:virtualAuthenticators: true}
Session ID: 16088774581ff91a40d1804b6790b4ca
at org.openqa.selenium.remote.http.W3CHttpResponseCodec.createException(W3CHttpResponseCodec.java:187)
at org.openqa.selenium.remote.http.W3CHttpResponseCodec.decode(W3CHttpResponseCodec.java:122)
at org.openqa.selenium.remote.http.W3CHttpResponseCodec.decode(W3CHttpResponseCodec.java:49)
at org.openqa.selenium.remote.HttpCommandExecutor.execute(HttpCommandExecutor.java:158)
at org.openqa.selenium.remote.service.DriverCommandExecutor.execute(DriverCommandExecutor.java:83)
at org.openqa.selenium.remote.RemoteWebDriver.execute(RemoteWebDriver.java:552)
at org.openqa.selenium.remote.RemoteWebDriver.get(RemoteWebDriver.java:277)
at com.Urbanladder.base.BrowserFactory.getWebdriver(BrowserFactory.java:59)
at com.Urbanladder.base.CommonMethods.createDriver(CommonMethods.java:57)
at java.base/java.util.ArrayList.forEach(ArrayList.java:1507)
... Removed 30 stack frames]]>
    </failure>
  </testcase> <!-- @BeforeClass createDriver -->
  <testcase classname="com.Urbanladder.test.UrbanladderTest" name="titleVerify" time="0.0">
    <skipped/>
  </testcase> <!-- titleVerify -->
  <testcase classname="com.Urbanladder.test.UrbanladderTest" name="clickBookshelves" time="0.0">
    <skipped/>
  </testcase> <!-- clickBookshelves -->
  <testcase classname="com.Urbanladder.test.UrbanladderTest" name="priceChoice" time="0.0">
    <skipped/>
  </testcase> <!-- priceChoice -->
  <testcase classname="com.Urbanladder.test.UrbanladderTest" name="setRange" time="0.0">
    <skipped/>
  </testcase> <!-- setRange -->
  <testcase classname="com.Urbanladder.test.UrbanladderTest" name="storageChoice" time="0.0">
    <skipped/>
  </testcase> <!-- storageChoice -->
  <testcase classname="com.Urbanladder.test.UrbanladderTest" name="checkStorageType" time="0.0">
    <skipped/>
  </testcase> <!-- checkStorageType -->
  <testcase classname="com.Urbanladder.test.UrbanladderTest" name="includeStock" time="0.0">
    <skipped/>
  </testcase> <!-- includeStock -->
  <testcase classname="com.Urbanladder.test.UrbanladderTest" name="filterChoice" time="0.0">
    <skipped/>
  </testcase> <!-- filterChoice -->
  <testcase classname="com.Urbanladder.test.UrbanladderTest" name="sortBy" time="0.0">
    <skipped/>
  </testcase> <!-- sortBy -->
  <testcase classname="com.Urbanladder.test.UrbanladderTest" name="PopUp" time="0.0">
    <skipped/>
  </testcase> <!-- PopUp -->
  <testcase classname="com.Urbanladder.test.UrbanladderTest" name="writeExcel1" time="0.0">
    <skipped/>
  </testcase> <!-- writeExcel1 -->
  <testcase classname="com.Urbanladder.test.UrbanladderTest" name="studyChoice" time="0.0">
    <skipped/>
  </testcase> <!-- studyChoice -->
  <testcase classname="com.Urbanladder.test.UrbanladderTest" name="studychair" time="0.0">
    <skipped/>
  </testcase> <!-- studychair -->
  <testcase classname="com.Urbanladder.test.UrbanladderTest" name="filterChoice1" time="0.0">
    <skipped/>
  </testcase> <!-- filterChoice1 -->
  <testcase classname="com.Urbanladder.test.UrbanladderTest" name="sortBy1" time="0.0">
    <skipped/>
  </testcase> <!-- sortBy1 -->
  <testcase classname="com.Urbanladder.test.UrbanladderTest" name="writeExcel2" time="0.0">
    <skipped/>
  </testcase> <!-- writeExcel2 -->
  <testcase classname="com.Urbanladder.test.UrbanladderInvalidTest" name="clickBookshelves1" time="0.0">
    <skipped/>
  </testcase> <!-- clickBookshelves1 -->
  <testcase classname="com.Urbanladder.test.UrbanladderInvalidTest" name="priceChoice1" time="0.0">
    <skipped/>
  </testcase> <!-- priceChoice1 -->
  <testcase classname="com.Urbanladder.test.UrbanladderInvalidTest" name="setRange1" time="0.0">
    <skipped/>
  </testcase> <!-- setRange1 -->
  <testcase classname="com.Urbanladder.test.UrbanladderInvalidTest" name="storageChoice1" time="0.0">
    <skipped/>
  </testcase> <!-- storageChoice1 -->
  <testcase classname="com.Urbanladder.test.UrbanladderInvalidTest" name="closedType" time="0.0">
    <skipped/>
  </testcase> <!-- closedType -->
  <testcase classname="com.Urbanladder.test.UrbanladderInvalidTest" name="PopUp" time="0.0">
    <skipped/>
  </testcase> <!-- PopUp -->
</testsuite> <!-- EdgeTest -->
