<?xml version="1.0" encoding="UTF-8"?>
<!-- Generated by org.testng.reporters.JUnitXMLReporter -->
<testsuite ignored="0" hostname="DESKTOP-9048JB1" failures="1" tests="22" name="EdgeTest2" time="204.814" errors="0" timestamp="2020-08-02T19:25:18 IST">
  <testcase classname="com.Urbanladder.base.CommonMethods" name="@BeforeClass createDriver" time="55.267">
    <failure type="org.openqa.selenium.WebDriverException" message="chrome not reachable
  (Session info: MicrosoftEdge=84.0.522.52)
Build info: version: &amp;apos;3.141.59&amp;apos;, revision: &amp;apos;e82be7d358&amp;apos;, time: &amp;apos;2018-11-14T08:17:03&amp;apos;
System info: host: &amp;apos;DESKTOP-9048JB1&amp;apos;, ip: &amp;apos;192.168.0.109&amp;apos;, os.name: &amp;apos;Windows 10&amp;apos;, os.arch: &amp;apos;amd64&amp;apos;, os.version: &amp;apos;10.0&amp;apos;, java.version: &amp;apos;13.0.2&amp;apos;
Driver info: org.openqa.selenium.edge.EdgeDriver
Capabilities {acceptInsecureCerts: false, browserName: msedge, browserVersion: 84.0.522.52, javascriptEnabled: true, ms:edgeOptions: {debuggerAddress: localhost:51088}, msedge: {msedgedriverVersion: 84.0.522.40 (4ede1b0ab15e7e..., userDataDir: C:\Users\Sayan\AppData\Loca...}, networkConnectionEnabled: false, pageLoadStrategy: normal, platform: WINDOWS, platformName: WINDOWS, proxy: Proxy(), setWindowRect: true, strictFileInteractability: false, timeouts: {implicit: 0, pageLoad: 300000, script: 30000}, unhandledPromptBehavior: dismiss and notify, webauthn:virtualAuthenticators: true}
Session ID: 3266de57a4cb753eaa368ce90a6d3b3b">
      <![CDATA[org.openqa.selenium.WebDriverException: chrome not reachable
  (Session info: MicrosoftEdge=84.0.522.52)
Build info: version: '3.141.59', revision: 'e82be7d358', time: '2018-11-14T08:17:03'
System info: host: 'DESKTOP-9048JB1', ip: '192.168.0.109', os.name: 'Windows 10', os.arch: 'amd64', os.version: '10.0', java.version: '13.0.2'
Driver info: org.openqa.selenium.edge.EdgeDriver
Capabilities {acceptInsecureCerts: false, browserName: msedge, browserVersion: 84.0.522.52, javascriptEnabled: true, ms:edgeOptions: {debuggerAddress: localhost:51088}, msedge: {msedgedriverVersion: 84.0.522.40 (4ede1b0ab15e7e..., userDataDir: C:\Users\Sayan\AppData\Loca...}, networkConnectionEnabled: false, pageLoadStrategy: normal, platform: WINDOWS, platformName: WINDOWS, proxy: Proxy(), setWindowRect: true, strictFileInteractability: false, timeouts: {implicit: 0, pageLoad: 300000, script: 30000}, unhandledPromptBehavior: dismiss and notify, webauthn:virtualAuthenticators: true}
Session ID: 3266de57a4cb753eaa368ce90a6d3b3b
at org.openqa.selenium.remote.http.W3CHttpResponseCodec.createException(W3CHttpResponseCodec.java:187)
at org.openqa.selenium.remote.http.W3CHttpResponseCodec.decode(W3CHttpResponseCodec.java:122)
at org.openqa.selenium.remote.http.W3CHttpResponseCodec.decode(W3CHttpResponseCodec.java:49)
at org.openqa.selenium.remote.HttpCommandExecutor.execute(HttpCommandExecutor.java:158)
at org.openqa.selenium.remote.service.DriverCommandExecutor.execute(DriverCommandExecutor.java:83)
at org.openqa.selenium.remote.RemoteWebDriver.execute(RemoteWebDriver.java:552)
at org.openqa.selenium.remote.RemoteWebDriver.get(RemoteWebDriver.java:277)
at com.Urbanladder.base.BrowserFactory.getWebdriver(BrowserFactory.java:59)
at com.Urbanladder.base.CommonMethods.createDriver(CommonMethods.java:57)
at java.base/java.util.ArrayList.forEach(ArrayList.java:1507)
... Removed 30 stack frames]]>
    </failure>
  </testcase> <!-- @BeforeClass createDriver -->
  <testcase classname="com.Urbanladder.test.UrbanladderTest" name="titleVerify" time="0.0">
    <skipped/>
  </testcase> <!-- titleVerify -->
  <testcase classname="com.Urbanladder.test.UrbanladderTest" name="clickBookshelves" time="0.0">
    <skipped/>
  </testcase> <!-- clickBookshelves -->
  <testcase classname="com.Urbanladder.test.UrbanladderTest" name="priceChoice" time="0.0">
    <skipped/>
  </testcase> <!-- priceChoice -->
  <testcase classname="com.Urbanladder.test.UrbanladderTest" name="setRange" time="0.0">
    <skipped/>
  </testcase> <!-- setRange -->
  <testcase classname="com.Urbanladder.test.UrbanladderTest" name="storageChoice" time="0.0">
    <skipped/>
  </testcase> <!-- storageChoice -->
  <testcase classname="com.Urbanladder.test.UrbanladderTest" name="checkStorageType" time="0.0">
    <skipped/>
  </testcase> <!-- checkStorageType -->
  <testcase classname="com.Urbanladder.test.UrbanladderTest" name="includeStock" time="0.0">
    <skipped/>
  </testcase> <!-- includeStock -->
  <testcase classname="com.Urbanladder.test.UrbanladderTest" name="filterChoice" time="0.0">
    <skipped/>
  </testcase> <!-- filterChoice -->
  <testcase classname="com.Urbanladder.test.UrbanladderTest" name="sortBy" time="0.0">
    <skipped/>
  </testcase> <!-- sortBy -->
  <testcase classname="com.Urbanladder.test.UrbanladderTest" name="PopUp" time="0.0">
    <skipped/>
  </testcase> <!-- PopUp -->
  <testcase classname="com.Urbanladder.test.UrbanladderTest" name="writeExcel1" time="0.0">
    <skipped/>
  </testcase> <!-- writeExcel1 -->
  <testcase classname="com.Urbanladder.test.UrbanladderTest" name="studyChoice" time="0.0">
    <skipped/>
  </testcase> <!-- studyChoice -->
  <testcase classname="com.Urbanladder.test.UrbanladderTest" name="studychair" time="0.0">
    <skipped/>
  </testcase> <!-- studychair -->
  <testcase classname="com.Urbanladder.test.UrbanladderTest" name="filterChoice1" time="0.0">
    <skipped/>
  </testcase> <!-- filterChoice1 -->
  <testcase classname="com.Urbanladder.test.UrbanladderTest" name="sortBy1" time="0.0">
    <skipped/>
  </testcase> <!-- sortBy1 -->
  <testcase classname="com.Urbanladder.test.UrbanladderTest" name="writeExcel2" time="0.0">
    <skipped/>
  </testcase> <!-- writeExcel2 -->
  <testcase classname="com.Urbanladder.test.UrbanladderInvalidTest" name="clickBookshelves1" time="6.296"/>
  <testcase classname="com.Urbanladder.test.UrbanladderInvalidTest" name="priceChoice1" time="7.114"/>
  <testcase classname="com.Urbanladder.test.UrbanladderInvalidTest" name="setRange1" time="15.233"/>
  <testcase classname="com.Urbanladder.test.UrbanladderInvalidTest" name="storageChoice1" time="2.777"/>
  <testcase classname="com.Urbanladder.test.UrbanladderInvalidTest" name="closedType" time="2.098"/>
  <testcase classname="com.Urbanladder.test.UrbanladderInvalidTest" name="PopUp" time="86.307">
    <failure type="org.openqa.selenium.WebDriverException" message="chrome not reachable
  (Session info: MicrosoftEdge=84.0.522.52)
Build info: version: &amp;apos;3.141.59&amp;apos;, revision: &amp;apos;e82be7d358&amp;apos;, time: &amp;apos;2018-11-14T08:17:03&amp;apos;
System info: host: &amp;apos;DESKTOP-9048JB1&amp;apos;, ip: &amp;apos;192.168.0.109&amp;apos;, os.name: &amp;apos;Windows 10&amp;apos;, os.arch: &amp;apos;amd64&amp;apos;, os.version: &amp;apos;10.0&amp;apos;, java.version: &amp;apos;13.0.2&amp;apos;
Driver info: org.openqa.selenium.edge.EdgeDriver
Capabilities {acceptInsecureCerts: false, browserName: msedge, browserVersion: 84.0.522.52, javascriptEnabled: true, ms:edgeOptions: {debuggerAddress: localhost:51375}, msedge: {msedgedriverVersion: 84.0.522.40 (4ede1b0ab15e7e..., userDataDir: C:\Users\Sayan\AppData\Loca...}, networkConnectionEnabled: false, pageLoadStrategy: normal, platform: WINDOWS, platformName: WINDOWS, proxy: Proxy(), setWindowRect: true, strictFileInteractability: false, timeouts: {implicit: 0, pageLoad: 300000, script: 30000}, unhandledPromptBehavior: dismiss and notify, webauthn:virtualAuthenticators: true}
Session ID: dc53c504cd9710de9de1c49892be1771
*** Element info: {Using=xpath, value=//a[contains(@class,&amp;apos;close-reveal-modal hide-mobile&amp;apos;)]}">
      <![CDATA[org.openqa.selenium.WebDriverException: chrome not reachable
  (Session info: MicrosoftEdge=84.0.522.52)
Build info: version: '3.141.59', revision: 'e82be7d358', time: '2018-11-14T08:17:03'
System info: host: 'DESKTOP-9048JB1', ip: '192.168.0.109', os.name: 'Windows 10', os.arch: 'amd64', os.version: '10.0', java.version: '13.0.2'
Driver info: org.openqa.selenium.edge.EdgeDriver
Capabilities {acceptInsecureCerts: false, browserName: msedge, browserVersion: 84.0.522.52, javascriptEnabled: true, ms:edgeOptions: {debuggerAddress: localhost:51375}, msedge: {msedgedriverVersion: 84.0.522.40 (4ede1b0ab15e7e..., userDataDir: C:\Users\Sayan\AppData\Loca...}, networkConnectionEnabled: false, pageLoadStrategy: normal, platform: WINDOWS, platformName: WINDOWS, proxy: Proxy(), setWindowRect: true, strictFileInteractability: false, timeouts: {implicit: 0, pageLoad: 300000, script: 30000}, unhandledPromptBehavior: dismiss and notify, webauthn:virtualAuthenticators: true}
Session ID: dc53c504cd9710de9de1c49892be1771
*** Element info: {Using=xpath, value=//a[contains(@class,'close-reveal-modal hide-mobile')]}
at org.openqa.selenium.remote.http.W3CHttpResponseCodec.createException(W3CHttpResponseCodec.java:187)
at org.openqa.selenium.remote.http.W3CHttpResponseCodec.decode(W3CHttpResponseCodec.java:122)
at org.openqa.selenium.remote.http.W3CHttpResponseCodec.decode(W3CHttpResponseCodec.java:49)
at org.openqa.selenium.remote.HttpCommandExecutor.execute(HttpCommandExecutor.java:158)
at org.openqa.selenium.remote.service.DriverCommandExecutor.execute(DriverCommandExecutor.java:83)
at org.openqa.selenium.remote.RemoteWebDriver.execute(RemoteWebDriver.java:552)
at org.openqa.selenium.remote.RemoteWebDriver.findElement(RemoteWebDriver.java:323)
at org.openqa.selenium.remote.RemoteWebDriver.findElementByXPath(RemoteWebDriver.java:428)
at org.openqa.selenium.By$ByXPath.findElement(By.java:353)
at org.openqa.selenium.remote.RemoteWebDriver.findElement(RemoteWebDriver.java:315)
at org.openqa.selenium.support.pagefactory.DefaultElementLocator.findElement(DefaultElementLocator.java:69)
at org.openqa.selenium.support.pagefactory.internal.LocatingElementHandler.invoke(LocatingElementHandler.java:38)
at com.sun.proxy.$Proxy14.isDisplayed(Unknown Source)
at org.openqa.selenium.support.ui.ExpectedConditions.elementIfVisible(ExpectedConditions.java:314)
at org.openqa.selenium.support.ui.ExpectedConditions.access$000(ExpectedConditions.java:43)
at org.openqa.selenium.support.ui.ExpectedConditions$10.apply(ExpectedConditions.java:300)
at org.openqa.selenium.support.ui.ExpectedConditions$10.apply(ExpectedConditions.java:297)
at org.openqa.selenium.support.ui.FluentWait.until(FluentWait.java:249)
at com.Urbanladder.test.UrbanladderInvalidTest.PopUp(UrbanladderInvalidTest.java:171)
at java.base/java.util.ArrayList.forEach(ArrayList.java:1507)
... Removed 32 stack frames]]>
    </failure>
  </testcase> <!-- PopUp -->
</testsuite> <!-- EdgeTest2 -->
