<?xml version="1.0" encoding="UTF-8"?>
<!-- Generated by org.testng.reporters.JUnitXMLReporter -->
<testsuite ignored="0" hostname="DESKTOP-9048JB1" failures="1" tests="16" name="UrbanTest2" time="99.381" errors="0" timestamp="2020-08-02T17:08:37 IST">
  <testcase classname="com.Urbanladder.test.UrbanladderTest" name="titleVerify" time="0.033"/>
  <testcase classname="com.Urbanladder.test.UrbanladderTest" name="clickBookshelves" time="5.981"/>
  <testcase classname="com.Urbanladder.test.UrbanladderTest" name="priceChoice" time="2.19"/>
  <testcase classname="com.Urbanladder.test.UrbanladderTest" name="setRange" time="6.464"/>
  <testcase classname="com.Urbanladder.test.UrbanladderTest" name="storageChoice" time="1.74"/>
  <testcase classname="com.Urbanladder.test.UrbanladderTest" name="checkStorageType" time="1.51"/>
  <testcase classname="com.Urbanladder.test.UrbanladderTest" name="includeStock" time="2.305"/>
  <testcase classname="com.Urbanladder.test.UrbanladderTest" name="filterChoice" time="0.751"/>
  <testcase classname="com.Urbanladder.test.UrbanladderTest" name="sortBy" time="0.292"/>
  <testcase classname="com.Urbanladder.test.UrbanladderTest" name="PopUp" time="8.363"/>
  <testcase classname="com.Urbanladder.test.UrbanladderTest" name="writeExcel1" time="2.435"/>
  <testcase classname="com.Urbanladder.test.UrbanladderTest" name="studyChoice" time="0.21"/>
  <testcase classname="com.Urbanladder.test.UrbanladderTest" name="studychair" time="0.054">
    <failure type="org.openqa.selenium.ElementNotInteractableException" message="Element &amp;lt;span&amp;gt; could not be scrolled into view
Build info: version: &amp;apos;3.141.59&amp;apos;, revision: &amp;apos;e82be7d358&amp;apos;, time: &amp;apos;2018-11-14T08:17:03&amp;apos;
System info: host: &amp;apos;DESKTOP-9048JB1&amp;apos;, ip: &amp;apos;192.168.0.109&amp;apos;, os.name: &amp;apos;Windows 10&amp;apos;, os.arch: &amp;apos;amd64&amp;apos;, os.version: &amp;apos;10.0&amp;apos;, java.version: &amp;apos;13.0.2&amp;apos;
Driver info: org.openqa.selenium.firefox.FirefoxDriver
Capabilities {acceptInsecureCerts: true, browserName: firefox, browserVersion: 79.0, javascriptEnabled: true, moz:accessibilityChecks: false, moz:buildID: 20200720193547, moz:geckodriverVersion: 0.26.0, moz:headless: false, moz:processID: 41608, moz:profile: C:\Users\Sayan\AppData\Loca..., moz:shutdownTimeout: 60000, moz:useNonSpecCompliantPointerOrigin: false, moz:webdriverClick: true, pageLoadStrategy: normal, platform: WINDOWS, platformName: WINDOWS, platformVersion: 10.0, rotatable: false, setWindowRect: true, strictFileInteractability: false, timeouts: {implicit: 0, pageLoad: 300000, script: 30000}, unhandledPromptBehavior: dismiss and notify}
Session ID: e70af0be-5a79-47a5-a591-536ce9b2141f">
      <![CDATA[org.openqa.selenium.ElementNotInteractableException: Element <span> could not be scrolled into view
Build info: version: '3.141.59', revision: 'e82be7d358', time: '2018-11-14T08:17:03'
System info: host: 'DESKTOP-9048JB1', ip: '192.168.0.109', os.name: 'Windows 10', os.arch: 'amd64', os.version: '10.0', java.version: '13.0.2'
Driver info: org.openqa.selenium.firefox.FirefoxDriver
Capabilities {acceptInsecureCerts: true, browserName: firefox, browserVersion: 79.0, javascriptEnabled: true, moz:accessibilityChecks: false, moz:buildID: 20200720193547, moz:geckodriverVersion: 0.26.0, moz:headless: false, moz:processID: 41608, moz:profile: C:\Users\Sayan\AppData\Loca..., moz:shutdownTimeout: 60000, moz:useNonSpecCompliantPointerOrigin: false, moz:webdriverClick: true, pageLoadStrategy: normal, platform: WINDOWS, platformName: WINDOWS, platformVersion: 10.0, rotatable: false, setWindowRect: true, strictFileInteractability: false, timeouts: {implicit: 0, pageLoad: 300000, script: 30000}, unhandledPromptBehavior: dismiss and notify}
Session ID: e70af0be-5a79-47a5-a591-536ce9b2141f
at org.openqa.selenium.remote.http.W3CHttpResponseCodec.createException(W3CHttpResponseCodec.java:187)
at org.openqa.selenium.remote.http.W3CHttpResponseCodec.decode(W3CHttpResponseCodec.java:122)
at org.openqa.selenium.remote.http.W3CHttpResponseCodec.decode(W3CHttpResponseCodec.java:49)
at org.openqa.selenium.remote.HttpCommandExecutor.execute(HttpCommandExecutor.java:158)
at org.openqa.selenium.remote.service.DriverCommandExecutor.execute(DriverCommandExecutor.java:83)
at org.openqa.selenium.remote.RemoteWebDriver.execute(RemoteWebDriver.java:552)
at org.openqa.selenium.remote.RemoteWebElement.execute(RemoteWebElement.java:285)
at org.openqa.selenium.remote.RemoteWebElement.click(RemoteWebElement.java:84)
at org.openqa.selenium.support.pagefactory.internal.LocatingElementHandler.invoke(LocatingElementHandler.java:51)
at com.sun.proxy.$Proxy14.click(Unknown Source)
at com.Urbanladder.page.FindBookshelves.chairClick(FindBookshelves.java:70)
at com.Urbanladder.test.UrbanladderTest.studychair(UrbanladderTest.java:332)
at java.base/java.util.ArrayList.forEach(ArrayList.java:1507)
... Removed 36 stack frames]]>
    </failure>
  </testcase> <!-- studychair -->
  <testcase classname="com.Urbanladder.test.UrbanladderTest" name="filterChoice1" time="0.174"/>
  <testcase classname="com.Urbanladder.test.UrbanladderTest" name="sortBy1" time="0.275"/>
  <testcase classname="com.Urbanladder.test.UrbanladderTest" name="writeExcel2" time="0.996"/>
</testsuite> <!-- UrbanTest2 -->
