<?xml version="1.0" encoding="UTF-8"?>
<!-- Generated by org.testng.reporters.JUnitReportReporter -->
<testsuite hostname="DESKTOP-9048JB1" failures="0" tests="7" name="com.Urbanladder.test.UrbanladderInvalidTest" time="9.600" errors="1" timestamp="2020-08-02T20:20:53 IST" skipped="6">
  <testcase classname="com.Urbanladder.test.UrbanladderInvalidTest" name="clickBookshelves1" time="0.040">
    <skipped/>
  </testcase> <!-- clickBookshelves1 -->
  <system-out/>
  <testcase classname="com.Urbanladder.test.UrbanladderInvalidTest" name="createDriver" time="9.314">
    <error message="session not created
from chrome not reachable
  (Session info: chrome=84.0.4147.105)
Build info: version: &#039;3.141.59&#039;, revision: &#039;e82be7d358&#039;, time: &#039;2018-11-14T08:17:03&#039;
System info: host: &#039;DESKTOP-9048JB1&#039;, ip: &#039;192.168.0.109&#039;, os.name: &#039;Windows 10&#039;, os.arch: &#039;amd64&#039;, os.version: &#039;10.0&#039;, java.version: &#039;13.0.2&#039;
Driver info: driver.version: ChromeDriver
remote stacktrace: Backtrace:
	Ordinal0 [0x006187E3+2852835]
	Ordinal0 [0x00505BB1+1727409]
	Ordinal0 [0x003DE362+516962]
	Ordinal0 [0x003D7D82+490882]
	Ordinal0 [0x003D8881+493697]
	Ordinal0 [0x003D93C5+496581]
	Ordinal0 [0x003D4D64+478564]
	Ordinal0 [0x003DF300+520960]
	Ordinal0 [0x0038E489+189577]
	Ordinal0 [0x0038D7FD+186365]
	Ordinal0 [0x0038B70B+177931]
	Ordinal0 [0x00372584+75140]
	Ordinal0 [0x00373650+79440]
	Ordinal0 [0x003735E9+79337]
	Ordinal0 [0x0051AD5C+1813852]
	GetHandleVerifier [0x0073C616+1075574]
	GetHandleVerifier [0x0073C367+1074887]
	GetHandleVerifier [0x00747497+1120247]
	GetHandleVerifier [0x0073CC16+1077110]
	Ordinal0 [0x00513206+1782278]
	Ordinal0 [0x0051C3BB+1819579]
	Ordinal0 [0x0051C523+1819939]
	Ordinal0 [0x00532B45+1911621]
	BaseThreadInitThunk [0x75906359+25]
	RtlGetAppContainerNamedObjectPath [0x771E7C24+228]
	RtlGetAppContainerNamedObjectPath [0x771E7BF4+180]
" type="org.openqa.selenium.SessionNotCreatedException">
      <![CDATA[org.openqa.selenium.SessionNotCreatedException: session not created
from chrome not reachable
  (Session info: chrome=84.0.4147.105)
Build info: version: '3.141.59', revision: 'e82be7d358', time: '2018-11-14T08:17:03'
System info: host: 'DESKTOP-9048JB1', ip: '192.168.0.109', os.name: 'Windows 10', os.arch: 'amd64', os.version: '10.0', java.version: '13.0.2'
Driver info: driver.version: ChromeDriver
remote stacktrace: Backtrace:
Ordinal0 [0x006187E3+2852835]
Ordinal0 [0x00505BB1+1727409]
Ordinal0 [0x003DE362+516962]
Ordinal0 [0x003D7D82+490882]
Ordinal0 [0x003D8881+493697]
Ordinal0 [0x003D93C5+496581]
Ordinal0 [0x003D4D64+478564]
Ordinal0 [0x003DF300+520960]
Ordinal0 [0x0038E489+189577]
Ordinal0 [0x0038D7FD+186365]
Ordinal0 [0x0038B70B+177931]
Ordinal0 [0x00372584+75140]
Ordinal0 [0x00373650+79440]
Ordinal0 [0x003735E9+79337]
Ordinal0 [0x0051AD5C+1813852]
GetHandleVerifier [0x0073C616+1075574]
GetHandleVerifier [0x0073C367+1074887]
GetHandleVerifier [0x00747497+1120247]
GetHandleVerifier [0x0073CC16+1077110]
Ordinal0 [0x00513206+1782278]
Ordinal0 [0x0051C3BB+1819579]
Ordinal0 [0x0051C523+1819939]
Ordinal0 [0x00532B45+1911621]
BaseThreadInitThunk [0x75906359+25]
RtlGetAppContainerNamedObjectPath [0x771E7C24+228]
RtlGetAppContainerNamedObjectPath [0x771E7BF4+180]

at java.base/jdk.internal.reflect.NativeConstructorAccessorImpl.newInstance0(Native Method)
at java.base/jdk.internal.reflect.NativeConstructorAccessorImpl.newInstance(NativeConstructorAccessorImpl.java:62)
at java.base/jdk.internal.reflect.DelegatingConstructorAccessorImpl.newInstance(DelegatingConstructorAccessorImpl.java:45)
at java.base/java.lang.reflect.Constructor.newInstanceWithCaller(Constructor.java:500)
at java.base/java.lang.reflect.Constructor.newInstance(Constructor.java:481)
at org.openqa.selenium.remote.W3CHandshakeResponse.lambda$errorHandler$0(W3CHandshakeResponse.java:62)
at org.openqa.selenium.remote.HandshakeResponse.lambda$getResponseFunction$0(HandshakeResponse.java:30)
at org.openqa.selenium.remote.ProtocolHandshake.lambda$createSession$0(ProtocolHandshake.java:126)
at java.base/java.util.stream.ReferencePipeline$3$1.accept(ReferencePipeline.java:195)
at java.base/java.util.Spliterators$ArraySpliterator.tryAdvance(Spliterators.java:958)
at java.base/java.util.stream.ReferencePipeline.forEachWithCancel(ReferencePipeline.java:127)
at java.base/java.util.stream.AbstractPipeline.copyIntoWithCancel(AbstractPipeline.java:502)
at java.base/java.util.stream.AbstractPipeline.copyInto(AbstractPipeline.java:488)
at java.base/java.util.stream.AbstractPipeline.wrapAndCopyInto(AbstractPipeline.java:474)
at java.base/java.util.stream.FindOps$FindOp.evaluateSequential(FindOps.java:150)
at java.base/java.util.stream.AbstractPipeline.evaluate(AbstractPipeline.java:234)
at java.base/java.util.stream.ReferencePipeline.findFirst(ReferencePipeline.java:543)
at org.openqa.selenium.remote.ProtocolHandshake.createSession(ProtocolHandshake.java:128)
at org.openqa.selenium.remote.ProtocolHandshake.createSession(ProtocolHandshake.java:74)
at org.openqa.selenium.remote.HttpCommandExecutor.execute(HttpCommandExecutor.java:136)
at org.openqa.selenium.remote.service.DriverCommandExecutor.execute(DriverCommandExecutor.java:83)
at org.openqa.selenium.remote.RemoteWebDriver.execute(RemoteWebDriver.java:552)
at org.openqa.selenium.remote.RemoteWebDriver.startSession(RemoteWebDriver.java:213)
at org.openqa.selenium.remote.RemoteWebDriver.<init>(RemoteWebDriver.java:131)
at org.openqa.selenium.chrome.ChromeDriver.<init>(ChromeDriver.java:181)
at org.openqa.selenium.chrome.ChromeDriver.<init>(ChromeDriver.java:168)
at org.openqa.selenium.chrome.ChromeDriver.<init>(ChromeDriver.java:123)
at com.Urbanladder.base.BrowserFactory.getWebdriver(BrowserFactory.java:44)
at com.Urbanladder.base.CommonMethods.createDriver(CommonMethods.java:57)
at java.base/jdk.internal.reflect.NativeMethodAccessorImpl.invoke0(Native Method)
at java.base/jdk.internal.reflect.NativeMethodAccessorImpl.invoke(NativeMethodAccessorImpl.java:62)
at java.base/jdk.internal.reflect.DelegatingMethodAccessorImpl.invoke(DelegatingMethodAccessorImpl.java:43)
at java.base/java.lang.reflect.Method.invoke(Method.java:567)
at org.testng.internal.MethodInvocationHelper.invokeMethod(MethodInvocationHelper.java:135)
at org.testng.internal.MethodInvocationHelper.invokeMethodConsideringTimeout(MethodInvocationHelper.java:64)
at org.testng.internal.ConfigInvoker.invokeConfigurationMethod(ConfigInvoker.java:364)
at org.testng.internal.ConfigInvoker.invokeConfigurations(ConfigInvoker.java:318)
at org.testng.internal.TestMethodWorker.invokeBeforeClassMethods(TestMethodWorker.java:176)
at org.testng.internal.TestMethodWorker.run(TestMethodWorker.java:122)
at java.base/java.util.ArrayList.forEach(ArrayList.java:1507)
at org.testng.TestRunner.privateRun(TestRunner.java:767)
at org.testng.TestRunner.run(TestRunner.java:588)
at org.testng.SuiteRunner.runTest(SuiteRunner.java:384)
at org.testng.SuiteRunner.runSequentially(SuiteRunner.java:378)
at org.testng.SuiteRunner.privateRun(SuiteRunner.java:337)
at org.testng.SuiteRunner.run(SuiteRunner.java:286)
at org.testng.SuiteRunnerWorker.runSuite(SuiteRunnerWorker.java:53)
at org.testng.SuiteRunnerWorker.run(SuiteRunnerWorker.java:96)
at org.testng.TestNG.runSuitesSequentially(TestNG.java:1214)
at org.testng.TestNG.runSuitesLocally(TestNG.java:1136)
at org.testng.TestNG.runSuites(TestNG.java:1066)
at org.testng.TestNG.run(TestNG.java:1034)
at org.testng.remote.AbstractRemoteTestNG.run(AbstractRemoteTestNG.java:115)
at org.testng.remote.RemoteTestNG.initAndRun(RemoteTestNG.java:251)
at org.testng.remote.RemoteTestNG.main(RemoteTestNG.java:77)
]]>
    </error>
  </testcase> <!-- createDriver -->
  <system-out/>
  <testcase classname="com.Urbanladder.test.UrbanladderInvalidTest" name="priceChoice1" time="0.049">
    <skipped/>
  </testcase> <!-- priceChoice1 -->
  <system-out/>
  <testcase classname="com.Urbanladder.test.UrbanladderInvalidTest" name="setRange1" time="0.053">
    <skipped/>
  </testcase> <!-- setRange1 -->
  <system-out/>
  <testcase classname="com.Urbanladder.test.UrbanladderInvalidTest" name="storageChoice1" time="0.089">
    <skipped/>
  </testcase> <!-- storageChoice1 -->
  <system-out/>
  <testcase classname="com.Urbanladder.test.UrbanladderInvalidTest" name="closedType" time="0.055">
    <skipped/>
  </testcase> <!-- closedType -->
  <system-out/>
  <testcase classname="com.Urbanladder.test.UrbanladderInvalidTest" name="PopUp" time="0.000">
    <skipped/>
  </testcase> <!-- PopUp -->
  <system-out/>
</testsuite> <!-- com.Urbanladder.test.UrbanladderInvalidTest -->
