<?xml version="1.0" encoding="UTF-8"?>
<!-- Generated by org.testng.reporters.JUnitXMLReporter -->
<testsuite ignored="0" hostname="DESKTOP-9048JB1" failures="0" tests="11" name="UrbanTest1" time="0.069" errors="0" timestamp="2020-07-31T13:41:32 IST">
  <testcase classname="com.Urbanladder.base.CommonMethods" name="@BeforeClass createDriver" time="0.02">
    <failure type="java.io.FileNotFoundException" message="C:\Users\Sayan\Desktop\project\src\main\resources\ObjectRepository\config.properties (The system cannot find the path specified)">
      <![CDATA[java.io.FileNotFoundException: C:\Users\Sayan\Desktop\project\src\main\resources\ObjectRepository\config.properties (The system cannot find the path specified)
at java.base/java.io.FileInputStream.open0(Native Method)
at java.base/java.io.FileInputStream.open(FileInputStream.java:213)
at java.base/java.io.FileInputStream.<init>(FileInputStream.java:155)
at java.base/java.io.FileInputStream.<init>(FileInputStream.java:110)
at com.Urbanladder.base.BrowserFactory.getWebdriver(BrowserFactory.java:23)
at com.Urbanladder.base.CommonMethods.createDriver(CommonMethods.java:41)
at java.base/java.util.ArrayList.forEach(ArrayList.java:1507)
at java.base/java.util.concurrent.FutureTask.run(FutureTask.java:264)
at java.base/java.util.concurrent.ThreadPoolExecutor.runWorker(ThreadPoolExecutor.java:1128)
at java.base/java.util.concurrent.ThreadPoolExecutor$Worker.run(ThreadPoolExecutor.java:628)
at java.base/java.lang.Thread.run(Thread.java:830)
... Removed 16 stack frames]]>
    </failure>
  </testcase> <!-- @BeforeClass createDriver -->
  <testcase classname="com.Urbanladder.test.UrbanladderTest" name="@AfterMethod endReport" time="-1.596183092056E9">
    <skipped/>
  </testcase> <!-- @AfterMethod endReport -->
  <testcase classname="com.Urbanladder.test.UrbanladderTest" name="@AfterMethod endReport" time="-1.596183092059E9">
    <skipped/>
  </testcase> <!-- @AfterMethod endReport -->
  <testcase classname="com.Urbanladder.test.UrbanladderTest" name="@AfterMethod endReport" time="-1.596183092059E9">
    <skipped/>
  </testcase> <!-- @AfterMethod endReport -->
  <testcase classname="com.Urbanladder.test.UrbanladderTest" name="@AfterMethod endReport" time="-1.59618309206E9">
    <skipped/>
  </testcase> <!-- @AfterMethod endReport -->
  <testcase classname="com.Urbanladder.test.UrbanladderTest" name="@AfterMethod endReport" time="-1.596183092061E9">
    <skipped/>
  </testcase> <!-- @AfterMethod endReport -->
  <testcase classname="com.Urbanladder.test.UrbanladderTest" name="@AfterMethod endReport" time="-1.596183092061E9">
    <skipped/>
  </testcase> <!-- @AfterMethod endReport -->
  <testcase classname="com.Urbanladder.test.UrbanladderTest" name="@AfterMethod endReport" time="-1.596183092062E9">
    <skipped/>
  </testcase> <!-- @AfterMethod endReport -->
  <testcase classname="com.Urbanladder.test.UrbanladderTest" name="@AfterMethod endReport" time="-1.596183092063E9">
    <skipped/>
  </testcase> <!-- @AfterMethod endReport -->
  <testcase classname="com.Urbanladder.test.UrbanladderTest" name="@AfterMethod endReport" time="-1.596183092064E9">
    <skipped/>
  </testcase> <!-- @AfterMethod endReport -->
  <testcase classname="com.Urbanladder.test.UrbanladderTest" name="@AfterMethod endReport" time="-1.596183092065E9">
    <skipped/>
  </testcase> <!-- @AfterMethod endReport -->
  <testcase classname="com.Urbanladder.test.UrbanladderTest" name="@AfterMethod endReport" time="-1.596183092066E9">
    <skipped/>
  </testcase> <!-- @AfterMethod endReport -->
  <testcase classname="com.Urbanladder.base.CommonMethods" name="@AfterClass tearDown" time="0.0">
    <failure type="java.lang.NullPointerException">
      <![CDATA[java.lang.NullPointerException
at com.Urbanladder.base.CommonMethods.tearDown(CommonMethods.java:49)
at java.base/java.util.ArrayList.forEach(ArrayList.java:1507)
at java.base/java.util.concurrent.FutureTask.run(FutureTask.java:264)
at java.base/java.util.concurrent.ThreadPoolExecutor.runWorker(ThreadPoolExecutor.java:1128)
at java.base/java.util.concurrent.ThreadPoolExecutor$Worker.run(ThreadPoolExecutor.java:628)
at java.base/java.lang.Thread.run(Thread.java:830)
... Removed 16 stack frames]]>
    </failure>
  </testcase> <!-- @AfterClass tearDown -->
  <testcase classname="com.Urbanladder.test.UrbanladderTest" name="titleVerify" time="0.0">
    <skipped/>
  </testcase> <!-- titleVerify -->
  <testcase classname="com.Urbanladder.test.UrbanladderTest" name="clickBookshelves" time="0.0">
    <skipped/>
  </testcase> <!-- clickBookshelves -->
  <testcase classname="com.Urbanladder.test.UrbanladderTest" name="priceChoice" time="0.0">
    <skipped/>
  </testcase> <!-- priceChoice -->
  <testcase classname="com.Urbanladder.test.UrbanladderTest" name="setRange" time="0.0">
    <skipped/>
  </testcase> <!-- setRange -->
  <testcase classname="com.Urbanladder.test.UrbanladderTest" name="storageChoice" time="0.0">
    <skipped/>
  </testcase> <!-- storageChoice -->
  <testcase classname="com.Urbanladder.test.UrbanladderTest" name="checkStorageType" time="0.0">
    <skipped/>
  </testcase> <!-- checkStorageType -->
  <testcase classname="com.Urbanladder.test.UrbanladderTest" name="includeStock" time="0.0">
    <skipped/>
  </testcase> <!-- includeStock -->
  <testcase classname="com.Urbanladder.test.UrbanladderTest" name="filterChoice" time="0.0">
    <skipped/>
  </testcase> <!-- filterChoice -->
  <testcase classname="com.Urbanladder.test.UrbanladderTest" name="sortBy" time="0.0">
    <skipped/>
  </testcase> <!-- sortBy -->
  <testcase classname="com.Urbanladder.test.UrbanladderTest" name="PopUp" time="0.0">
    <skipped/>
  </testcase> <!-- PopUp -->
  <testcase classname="com.Urbanladder.test.UrbanladderTest" name="writeExcel" time="0.0">
    <skipped/>
  </testcase> <!-- writeExcel -->
</testsuite> <!-- UrbanTest1 -->
